GameofThrones/app/build/intermediates/manifest_merge_blame_file/debug/manifest-merger-blame-debug-report.txt
1<?xml version="1.0" encoding="utf-8"?>
2<manifest xmlns:android="http://schemas.android.com/apk/res/android"
3    package="com.gameofthrones.App"
4    android:versionCode="1"
5    android:versionName="1.0" >
6
7    <uses-sdk
8        android:minSdkVersion="16"
8-->src/main/AndroidManifest.xml
9        android:targetSdkVersion="30" />
9-->src/main/AndroidManifest.xml
10
11    <application
11-->src/main/AndroidManifest.xml:5:5-24:19
12        android:allowBackup="true"
12-->src/main/AndroidManifest.xml:6:9-35
13        android:appComponentFactory="android.support.v4.app.CoreComponentFactory"
13-->[com.android.support:support-compat:28.0.0] AndroidManifest.xml:22:18-91
14        android:debuggable="true"
15        android:icon="@mipmap/ic_launcher"
15-->src/main/AndroidManifest.xml:7:9-43
16        android:label="@string/app_name"
16-->src/main/AndroidManifest.xml:8:9-41
17        android:roundIcon="@mipmap/ic_launcher_round"
17-->src/main/AndroidManifest.xml:9:9-54
18        android:supportsRtl="true"
18-->src/main/AndroidManifest.xml:10:9-35
19        android:testOnly="true"
20        android:theme="@style/Theme.GameOfThrones" >
20-->src/main/AndroidManifest.xml:11:9-51
21        <activity
21-->src/main/AndroidManifest.xml:12:9-14:38
22            android:name="com.gameofthrones.App.StarkSecondActivity"
22-->src/main/AndroidManifest.xml:12:19-54
23            android:label="Details"
23-->src/main/AndroidManifest.xml:14:13-36
24            android:parentActivityName="com.gameofthrones.App.StarkActivity" />
24-->src/main/AndroidManifest.xml:13:13-56
25        <activity android:name="com.gameofthrones.App.LannisterActivity" />
25-->src/main/AndroidManifest.xml:15:9-55
25-->src/main/AndroidManifest.xml:15:19-52
26        <activity android:name="com.gameofthrones.App.StarkActivity" />
26-->src/main/AndroidManifest.xml:16:9-51
26-->src/main/AndroidManifest.xml:16:19-48
27        <activity android:name="com.gameofthrones.App.MainActivity" >
27-->src/main/AndroidManifest.xml:17:9-23:20
27-->src/main/AndroidManifest.xml:17:19-47
28            <intent-filter>
28-->src/main/AndroidManifest.xml:18:13-22:29
29                <action android:name="android.intent.action.MAIN" />
29-->src/main/AndroidManifest.xml:19:17-69
29-->src/main/AndroidManifest.xml:19:25-66
30
31                <category android:name="android.intent.category.LAUNCHER" />
31-->src/main/AndroidManifest.xml:21:17-77
31-->src/main/AndroidManifest.xml:21:27-74
32            </intent-filter>
33        </activity>
34    </application>
35
36</manifest>